\BOOKMARK [1][-]{Doc-Start}{\376\377\000R\000i\000n\000g\000k\000a\000s\000a\000n\000\040\000E\000k\000s\000e\000k\000u\000t\000i\000f}{}% 1
\BOOKMARK [1][-]{Item.4}{\376\377\000B\000A\000B\000\040\0001\000\040\000\040\000P\000E\000N\000D\000A\000H\000U\000L\000U\000A\000N}{}% 2
\BOOKMARK [2][-]{subsection.0.1}{\376\377\000L\000a\000t\000a\000r\000\040\000B\000e\000l\000a\000k\000a\000n\000g}{Item.4}% 3
\BOOKMARK [2][-]{subsection.0.2}{\376\377\000R\000u\000m\000u\000s\000a\000n\000\040\000M\000a\000s\000a\000l\000a\000h}{Item.4}% 4
\BOOKMARK [2][-]{subsection.0.3}{\376\377\000T\000u\000j\000u\000a\000n\000\040\000d\000a\000n\000\040\000M\000a\000n\000f\000a\000a\000t}{Item.4}% 5
\BOOKMARK [2][-]{subsection.0.4}{\376\377\000B\000a\000t\000a\000s\000a\000n\000\040\000A\000p\000l\000i\000k\000a\000s\000i}{Item.4}% 6
\BOOKMARK [1][-]{Item.20}{\376\377\000B\000A\000B\000\040\0001\000\040\000\040\000M\000E\000T\000O\000D\000O\000L\000O\000G\000I\000\040\000P\000E\000N\000G\000E\000M\000B\000A\000N\000G\000A\000N}{}% 7
\BOOKMARK [2][-]{subsection.0.1}{\376\377\000M\000o\000d\000e\000l\000\040\000P\000e\000n\000g\000e\000m\000b\000a\000n\000g\000a\000n\000\040\000S\000i\000s\000t\000e\000m}{Item.20}% 8
\BOOKMARK [2][-]{subsection.0.2}{\376\377\000A\000l\000a\000t\000\040\000d\000a\000n\000\040\000B\000a\000h\000a\000n\000\040\000P\000e\000n\000g\000e\000m\000b\000a\000n\000g\000a\000n}{Item.20}% 9
\BOOKMARK [2][-]{subsection.0.3}{\376\377\000T\000a\000h\000a\000p\000a\000n\000\040\000P\000e\000n\000g\000e\000m\000b\000a\000n\000g\000a\000n}{Item.20}% 10
\BOOKMARK [1][-]{Item.25}{\376\377\000B\000A\000B\000\040\0001\000\040\000\040\000A\000N\000A\000L\000I\000S\000I\000S\000\040\000D\000A\000N\000\040\000D\000E\000S\000A\000I\000N\000\040\000S\000O\000F\000T\000W\000A\000R\000E}{}% 11
\BOOKMARK [2][-]{subsection.0.1}{\376\377\000A\000n\000a\000l\000i\000s\000i\000s\000\040\000K\000e\000b\000u\000t\000u\000h\000a\000n\000\040\000S\000i\000s\000t\000e\000m}{Item.25}% 12
\BOOKMARK [2][-]{subsection.0.2}{\376\377\000P\000e\000r\000a\000n\000c\000a\000n\000g\000a\000n\000\040\000S\000i\000s\000t\000e\000m}{Item.25}% 13
\BOOKMARK [2][-]{subsection.0.3}{\376\377\000A\000I\000\040\000P\000i\000p\000e\000l\000i\000n\000e\000\040\000\050\0001\0008\000\040\000L\000a\000n\000g\000k\000a\000h\000\051}{Item.25}% 14
\BOOKMARK [2][-]{subsection.0.4}{\376\377\000S\000i\000s\000t\000e\000m\000\040\000P\000e\000r\000t\000a\000h\000a\000n\000a\000n\000\040\000I\000n\000j\000e\000k\000s\000i\000\040\0003\000-\000T\000i\000e\000r}{Item.25}% 15
\BOOKMARK [2][-]{subsection.0.5}{\376\377\000D\000e\000t\000e\000k\000s\000i\000\040\000I\000n\000t\000e\000n\000t}{Item.25}% 16
\BOOKMARK [2][-]{subsection.0.6}{\376\377\000D\000e\000s\000a\000i\000n\000\040\000A\000n\000t\000a\000r\000m\000u\000k\000a\000\040\000\050\000U\000I\000/\000U\000X\000\051}{Item.25}% 17
\BOOKMARK [2][-]{subsection.0.7}{\376\377\000F\000i\000t\000u\000r\000\040\000d\000a\000n\000\040\000A\000l\000u\000r\000\040\000K\000e\000r\000j\000a\000\040\000S\000i\000s\000t\000e\000m}{Item.25}% 18
\BOOKMARK [1][-]{Item.69}{\376\377\000B\000A\000B\000\040\0001\000\040\000\040\000H\000A\000S\000I\000L\000\040\000D\000A\000N\000\040\000P\000E\000M\000B\000A\000H\000A\000S\000A\000N}{}% 19
\BOOKMARK [2][-]{subsection.0.1}{\376\377\000H\000a\000s\000i\000l\000\040\000I\000m\000p\000l\000e\000m\000e\000n\000t\000a\000s\000i}{Item.69}% 20
\BOOKMARK [2][-]{subsection.0.2}{\376\377\000R\000e\000n\000c\000a\000n\000a\000\040\000J\000a\000n\000g\000k\000a\000\040\000P\000a\000n\000j\000a\000n\000g}{Item.69}% 21
\BOOKMARK [1][-]{table.caption.6}{\376\377\000B\000A\000B\000\040\0001\000\040\000\040\000K\000E\000S\000I\000M\000P\000U\000L\000A\000N}{}% 22
\BOOKMARK [2][-]{subsection.0.1}{\376\377\000K\000e\000s\000i\000m\000p\000u\000l\000a\000n}{table.caption.6}% 23
\BOOKMARK [1][-]{Item.72}{\376\377\000D\000a\000f\000t\000a\000r\000\040\000P\000u\000s\000t\000a\000k\000a}{}% 24
\BOOKMARK [1][-]{Item.72}{\376\377\000L\000a\000m\000p\000i\000r\000a\000n}{}% 25
